{"C:\\projetos\\desafio-votacao-fullstack\\frontend\\src\\api\\client.ts": {"path":"C:\\projetos\\desafio-votacao-fullstack\\frontend\\src\\api\\client.ts","all":false,"statementMap":{"0":{"start":{"line":1,"column":0},"end":{"line":1,"column":37}},"1":{"start":{"line":2,"column":0},"end":{"line":2,"column":17}},"3":{"start":{"line":4,"column":0},"end":{"line":4,"column":48}},"4":{"start":{"line":5,"column":0},"end":{"line":5,"column":19}},"5":{"start":{"line":6,"column":0},"end":{"line":6,"column":27}},"6":{"start":{"line":7,"column":0},"end":{"line":7,"column":25}},"7":{"start":{"line":8,"column":0},"end":{"line":8,"column":3}},"8":{"start":{"line":9,"column":0},"end":{"line":9,"column":1}},"10":{"start":{"line":11,"column":0},"end":{"line":11,"column":79}},"16":{"start":{"line":17,"column":0},"end":{"line":17,"column":92}},"17":{"start":{"line":18,"column":0},"end":{"line":18,"column":53}},"18":{"start":{"line":19,"column":0},"end":{"line":19,"column":14}},"19":{"start":{"line":20,"column":0},"end":{"line":20,"column":41}},"20":{"start":{"line":21,"column":0},"end":{"line":21,"column":32}},"21":{"start":{"line":22,"column":0},"end":{"line":22,"column":6}},"22":{"start":{"line":23,"column":0},"end":{"line":23,"column":14}},"23":{"start":{"line":24,"column":0},"end":{"line":24,"column":5}},"25":{"start":{"line":26,"column":0},"end":{"line":26,"column":21}},"26":{"start":{"line":27,"column":0},"end":{"line":27,"column":35}},"27":{"start":{"line":28,"column":0},"end":{"line":28,"column":9}},"28":{"start":{"line":29,"column":0},"end":{"line":29,"column":41}},"29":{"start":{"line":30,"column":0},"end":{"line":30,"column":40}},"30":{"start":{"line":31,"column":0},"end":{"line":31,"column":13}},"31":{"start":{"line":32,"column":0},"end":{"line":32,"column":47}},"32":{"start":{"line":33,"column":0},"end":{"line":33,"column":5}},"33":{"start":{"line":34,"column":0},"end":{"line":34,"column":49}},"34":{"start":{"line":35,"column":0},"end":{"line":35,"column":3}},"36":{"start":{"line":37,"column":0},"end":{"line":37,"column":32}},"37":{"start":{"line":38,"column":0},"end":{"line":38,"column":21}},"38":{"start":{"line":39,"column":0},"end":{"line":39,"column":3}},"40":{"start":{"line":41,"column":0},"end":{"line":41,"column":37}},"41":{"start":{"line":42,"column":0},"end":{"line":42,"column":14}},"42":{"start":{"line":43,"column":0},"end":{"line":43,"column":21}},"43":{"start":{"line":44,"column":0},"end":{"line":44,"column":3}},"45":{"start":{"line":46,"column":0},"end":{"line":46,"column":31}},"46":{"start":{"line":47,"column":0},"end":{"line":47,"column":1}}},"s":{"0":1,"1":6,"3":6,"4":6,"5":6,"6":6,"7":6,"8":6,"10":1,"16":8,"17":8,"18":8,"19":8,"20":8,"21":8,"22":8,"23":8,"25":8,"26":5,"27":5,"28":5,"29":5,"30":5,"31":2,"32":2,"33":5,"34":5,"36":8,"37":1,"38":1,"40":2,"41":8,"42":1,"43":1,"45":1,"46":1},"branchMap":{"0":{"type":"branch","line":1,"loc":{"start":{"line":1,"column":7},"end":{"line":9,"column":1}},"locations":[{"start":{"line":1,"column":7},"end":{"line":9,"column":1}}]},"1":{"type":"branch","line":4,"loc":{"start":{"line":4,"column":2},"end":{"line":8,"column":3}},"locations":[{"start":{"line":4,"column":2},"end":{"line":8,"column":3}}]},"2":{"type":"branch","line":17,"loc":{"start":{"line":17,"column":0},"end":{"line":47,"column":1}},"locations":[{"start":{"line":17,"column":0},"end":{"line":47,"column":1}}]},"3":{"type":"branch","line":26,"loc":{"start":{"line":26,"column":20},"end":{"line":35,"column":3}},"locations":[{"start":{"line":26,"column":20},"end":{"line":35,"column":3}}]},"4":{"type":"branch","line":29,"loc":{"start":{"line":29,"column":39},"end":{"line":30,"column":32}},"locations":[{"start":{"line":29,"column":39},"end":{"line":30,"column":32}}]},"5":{"type":"branch","line":30,"loc":{"start":{"line":30,"column":21},"end":{"line":30,"column":40}},"locations":[{"start":{"line":30,"column":21},"end":{"line":30,"column":40}}]},"6":{"type":"branch","line":31,"loc":{"start":{"line":31,"column":4},"end":{"line":33,"column":5}},"locations":[{"start":{"line":31,"column":4},"end":{"line":33,"column":5}}]},"7":{"type":"branch","line":32,"loc":{"start":{"line":32,"column":25},"end":{"line":32,"column":47}},"locations":[{"start":{"line":32,"column":25},"end":{"line":32,"column":47}}]},"8":{"type":"branch","line":35,"loc":{"start":{"line":35,"column":2},"end":{"line":37,"column":31}},"locations":[{"start":{"line":35,"column":2},"end":{"line":37,"column":31}}]},"9":{"type":"branch","line":37,"loc":{"start":{"line":37,"column":31},"end":{"line":39,"column":3}},"locations":[{"start":{"line":37,"column":31},"end":{"line":39,"column":3}}]},"10":{"type":"branch","line":39,"loc":{"start":{"line":39,"column":2},"end":{"line":42,"column":13}},"locations":[{"start":{"line":39,"column":2},"end":{"line":42,"column":13}}]},"11":{"type":"branch","line":42,"loc":{"start":{"line":42,"column":13},"end":{"line":47,"column":1}},"locations":[{"start":{"line":42,"column":13},"end":{"line":47,"column":1}}]}},"b":{"0":[6],"1":[6],"2":[8],"3":[5],"4":[3],"5":[1],"6":[2],"7":[1],"8":[3],"9":[1],"10":[2],"11":[1]},"fnMap":{"0":{"name":"<instance_members_initializer>","decl":{"start":{"line":1,"column":7},"end":{"line":9,"column":1}},"loc":{"start":{"line":1,"column":7},"end":{"line":9,"column":1}},"line":1},"1":{"name":"ApiError","decl":{"start":{"line":4,"column":2},"end":{"line":8,"column":3}},"loc":{"start":{"line":4,"column":2},"end":{"line":8,"column":3}},"line":4},"2":{"name":"fetchJson","decl":{"start":{"line":17,"column":0},"end":{"line":47,"column":1}},"loc":{"start":{"line":17,"column":0},"end":{"line":47,"column":1}},"line":17}},"f":{"0":6,"1":6,"2":8}}
,"C:\\projetos\\desafio-votacao-fullstack\\frontend\\src\\api\\pautas.ts": {"path":"C:\\projetos\\desafio-votacao-fullstack\\frontend\\src\\api\\pautas.ts","all":false,"statementMap":{"0":{"start":{"line":1,"column":0},"end":{"line":1,"column":37}},"17":{"start":{"line":18,"column":0},"end":{"line":18,"column":48}},"18":{"start":{"line":19,"column":0},"end":{"line":19,"column":39}},"19":{"start":{"line":20,"column":0},"end":{"line":20,"column":1}},"21":{"start":{"line":22,"column":0},"end":{"line":22,"column":54}},"22":{"start":{"line":23,"column":0},"end":{"line":23,"column":43}},"23":{"start":{"line":24,"column":0},"end":{"line":24,"column":1}},"25":{"start":{"line":26,"column":0},"end":{"line":26,"column":74}},"26":{"start":{"line":27,"column":0},"end":{"line":27,"column":38}},"27":{"start":{"line":28,"column":0},"end":{"line":28,"column":19}},"28":{"start":{"line":29,"column":0},"end":{"line":29,"column":33}},"29":{"start":{"line":30,"column":0},"end":{"line":30,"column":5}},"30":{"start":{"line":31,"column":0},"end":{"line":31,"column":1}},"32":{"start":{"line":33,"column":0},"end":{"line":33,"column":83}},"33":{"start":{"line":34,"column":0},"end":{"line":34,"column":51}},"34":{"start":{"line":35,"column":0},"end":{"line":35,"column":19}},"35":{"start":{"line":36,"column":0},"end":{"line":36,"column":33}},"36":{"start":{"line":37,"column":0},"end":{"line":37,"column":5}},"37":{"start":{"line":38,"column":0},"end":{"line":38,"column":1}},"39":{"start":{"line":40,"column":0},"end":{"line":40,"column":72}},"40":{"start":{"line":41,"column":0},"end":{"line":41,"column":49}},"41":{"start":{"line":42,"column":0},"end":{"line":42,"column":19}},"42":{"start":{"line":43,"column":0},"end":{"line":43,"column":33}},"43":{"start":{"line":44,"column":0},"end":{"line":44,"column":5}},"44":{"start":{"line":45,"column":0},"end":{"line":45,"column":1}},"46":{"start":{"line":47,"column":0},"end":{"line":47,"column":62}},"47":{"start":{"line":48,"column":0},"end":{"line":48,"column":57}},"48":{"start":{"line":49,"column":0},"end":{"line":49,"column":1}},"50":{"start":{"line":51,"column":0},"end":{"line":51,"column":56}},"51":{"start":{"line":52,"column":0},"end":{"line":52,"column":43}},"52":{"start":{"line":53,"column":0},"end":{"line":53,"column":20}},"53":{"start":{"line":54,"column":0},"end":{"line":54,"column":5}},"54":{"start":{"line":55,"column":0},"end":{"line":55,"column":1}}},"s":{"0":1,"17":1,"18":1,"19":1,"21":1,"22":1,"23":1,"25":1,"26":1,"27":1,"28":1,"29":1,"30":1,"32":1,"33":1,"34":1,"35":1,"36":1,"37":1,"39":1,"40":1,"41":1,"42":1,"43":1,"44":1,"46":1,"47":1,"48":1,"50":1,"51":1,"52":1,"53":1,"54":1},"branchMap":{"0":{"type":"branch","line":18,"loc":{"start":{"line":18,"column":7},"end":{"line":20,"column":1}},"locations":[{"start":{"line":18,"column":7},"end":{"line":20,"column":1}}]},"1":{"type":"branch","line":22,"loc":{"start":{"line":22,"column":7},"end":{"line":24,"column":1}},"locations":[{"start":{"line":22,"column":7},"end":{"line":24,"column":1}}]},"2":{"type":"branch","line":26,"loc":{"start":{"line":26,"column":7},"end":{"line":31,"column":1}},"locations":[{"start":{"line":26,"column":7},"end":{"line":31,"column":1}}]},"3":{"type":"branch","line":33,"loc":{"start":{"line":33,"column":7},"end":{"line":38,"column":1}},"locations":[{"start":{"line":33,"column":7},"end":{"line":38,"column":1}}]},"4":{"type":"branch","line":40,"loc":{"start":{"line":40,"column":7},"end":{"line":45,"column":1}},"locations":[{"start":{"line":40,"column":7},"end":{"line":45,"column":1}}]},"5":{"type":"branch","line":47,"loc":{"start":{"line":47,"column":7},"end":{"line":49,"column":1}},"locations":[{"start":{"line":47,"column":7},"end":{"line":49,"column":1}}]},"6":{"type":"branch","line":51,"loc":{"start":{"line":51,"column":7},"end":{"line":55,"column":1}},"locations":[{"start":{"line":51,"column":7},"end":{"line":55,"column":1}}]}},"b":{"0":[1],"1":[1],"2":[1],"3":[1],"4":[1],"5":[1],"6":[1]},"fnMap":{"0":{"name":"listPautas","decl":{"start":{"line":18,"column":7},"end":{"line":20,"column":1}},"loc":{"start":{"line":18,"column":7},"end":{"line":20,"column":1}},"line":18},"1":{"name":"getPauta","decl":{"start":{"line":22,"column":7},"end":{"line":24,"column":1}},"loc":{"start":{"line":22,"column":7},"end":{"line":24,"column":1}},"line":22},"2":{"name":"createPauta","decl":{"start":{"line":26,"column":7},"end":{"line":31,"column":1}},"loc":{"start":{"line":26,"column":7},"end":{"line":31,"column":1}},"line":26},"3":{"name":"openSessao","decl":{"start":{"line":33,"column":7},"end":{"line":38,"column":1}},"loc":{"start":{"line":33,"column":7},"end":{"line":38,"column":1}},"line":33},"4":{"name":"votar","decl":{"start":{"line":40,"column":7},"end":{"line":45,"column":1}},"loc":{"start":{"line":40,"column":7},"end":{"line":45,"column":1}},"line":40},"5":{"name":"getResultado","decl":{"start":{"line":47,"column":7},"end":{"line":49,"column":1}},"loc":{"start":{"line":47,"column":7},"end":{"line":49,"column":1}},"line":47},"6":{"name":"deletePauta","decl":{"start":{"line":51,"column":7},"end":{"line":55,"column":1}},"loc":{"start":{"line":51,"column":7},"end":{"line":55,"column":1}},"line":51}},"f":{"0":1,"1":1,"2":1,"3":1,"4":1,"5":1,"6":1}}
,"C:\\projetos\\desafio-votacao-fullstack\\frontend\\src\\components\\AppLayout.tsx": {"path":"C:\\projetos\\desafio-votacao-fullstack\\frontend\\src\\components\\AppLayout.tsx","all":false,"statementMap":{"0":{"start":{"line":1,"column":0},"end":{"line":1,"column":51}},"2":{"start":{"line":3,"column":0},"end":{"line":3,"column":37}},"3":{"start":{"line":4,"column":0},"end":{"line":4,"column":98}},"5":{"start":{"line":6,"column":0},"end":{"line":6,"column":10}},"6":{"start":{"line":7,"column":0},"end":{"line":7,"column":25}},"7":{"start":{"line":8,"column":0},"end":{"line":8,"column":31}},"8":{"start":{"line":9,"column":0},"end":{"line":9,"column":13}},"9":{"start":{"line":10,"column":0},"end":{"line":10,"column":56}},"10":{"start":{"line":11,"column":0},"end":{"line":11,"column":46}},"11":{"start":{"line":12,"column":0},"end":{"line":12,"column":30}},"13":{"start":{"line":14,"column":0},"end":{"line":14,"column":14}},"14":{"start":{"line":15,"column":0},"end":{"line":15,"column":31}},"15":{"start":{"line":16,"column":0},"end":{"line":16,"column":57}},"17":{"start":{"line":18,"column":0},"end":{"line":18,"column":22}},"18":{"start":{"line":19,"column":0},"end":{"line":19,"column":64}},"20":{"start":{"line":21,"column":0},"end":{"line":21,"column":22}},"21":{"start":{"line":22,"column":0},"end":{"line":22,"column":16}},"22":{"start":{"line":23,"column":0},"end":{"line":23,"column":14}},"23":{"start":{"line":24,"column":0},"end":{"line":24,"column":31}},"24":{"start":{"line":25,"column":0},"end":{"line":25,"column":36}},"25":{"start":{"line":26,"column":0},"end":{"line":26,"column":31}},"27":{"start":{"line":28,"column":0},"end":{"line":28,"column":14}},"28":{"start":{"line":29,"column":0},"end":{"line":29,"column":33}},"29":{"start":{"line":30,"column":0},"end":{"line":30,"column":52}},"31":{"start":{"line":32,"column":0},"end":{"line":32,"column":22}},"32":{"start":{"line":33,"column":0},"end":{"line":33,"column":82}},"34":{"start":{"line":35,"column":0},"end":{"line":35,"column":22}},"35":{"start":{"line":36,"column":0},"end":{"line":36,"column":16}},"36":{"start":{"line":37,"column":0},"end":{"line":37,"column":14}},"37":{"start":{"line":38,"column":0},"end":{"line":38,"column":15}},"39":{"start":{"line":40,"column":0},"end":{"line":40,"column":12}},"40":{"start":{"line":41,"column":0},"end":{"line":41,"column":18}},"41":{"start":{"line":42,"column":0},"end":{"line":42,"column":13}},"42":{"start":{"line":43,"column":0},"end":{"line":43,"column":10}},"44":{"start":{"line":45,"column":0},"end":{"line":45,"column":1}}},"s":{"0":1,"2":1,"3":1,"5":1,"6":1,"7":1,"8":1,"9":1,"10":1,"11":1,"13":1,"14":1,"15":1,"17":1,"18":1,"20":1,"21":1,"22":1,"23":1,"24":1,"25":1,"27":1,"28":1,"29":1,"31":1,"32":1,"34":1,"35":1,"36":1,"37":1,"39":1,"40":1,"41":1,"42":1,"44":1},"branchMap":{"0":{"type":"branch","line":3,"loc":{"start":{"line":3,"column":0},"end":{"line":45,"column":1}},"locations":[{"start":{"line":3,"column":0},"end":{"line":45,"column":1}}]},"1":{"type":"branch","line":4,"loc":{"start":{"line":4,"column":23},"end":{"line":4,"column":98}},"locations":[{"start":{"line":4,"column":23},"end":{"line":4,"column":98}}]},"2":{"type":"branch","line":4,"loc":{"start":{"line":4,"column":65},"end":{"line":4,"column":87}},"locations":[{"start":{"line":4,"column":65},"end":{"line":4,"column":87}}]},"3":{"type":"branch","line":4,"loc":{"start":{"line":4,"column":76},"end":{"line":4,"column":98}},"locations":[{"start":{"line":4,"column":76},"end":{"line":4,"column":98}}]}},"b":{"0":[1],"1":[2],"2":[1],"3":[1]},"fnMap":{"0":{"name":"AppLayout","decl":{"start":{"line":3,"column":0},"end":{"line":45,"column":1}},"loc":{"start":{"line":3,"column":0},"end":{"line":45,"column":1}},"line":3},"1":{"name":"navLinkClass","decl":{"start":{"line":4,"column":23},"end":{"line":4,"column":98}},"loc":{"start":{"line":4,"column":23},"end":{"line":4,"column":98}},"line":4}},"f":{"0":1,"1":2}}
,"C:\\projetos\\desafio-votacao-fullstack\\frontend\\src\\components\\NotificationToast.tsx": {"path":"C:\\projetos\\desafio-votacao-fullstack\\frontend\\src\\components\\NotificationToast.tsx","all":false,"statementMap":{"0":{"start":{"line":1,"column":0},"end":{"line":1,"column":45}},"6":{"start":{"line":7,"column":0},"end":{"line":7,"column":85}},"7":{"start":{"line":8,"column":0},"end":{"line":8,"column":22}},"8":{"start":{"line":9,"column":0},"end":{"line":9,"column":69}},"9":{"start":{"line":10,"column":0},"end":{"line":10,"column":3}},"11":{"start":{"line":12,"column":0},"end":{"line":12,"column":10}},"12":{"start":{"line":13,"column":0},"end":{"line":13,"column":90}},"13":{"start":{"line":14,"column":0},"end":{"line":14,"column":28}},"14":{"start":{"line":15,"column":0},"end":{"line":15,"column":10}},"16":{"start":{"line":17,"column":0},"end":{"line":17,"column":1}}},"s":{"0":1,"6":52,"7":52,"8":47,"9":47,"11":5,"12":5,"13":5,"14":5,"16":5},"branchMap":{"0":{"type":"branch","line":7,"loc":{"start":{"line":7,"column":0},"end":{"line":17,"column":1}},"locations":[{"start":{"line":7,"column":0},"end":{"line":17,"column":1}}]},"1":{"type":"branch","line":8,"loc":{"start":{"line":8,"column":21},"end":{"line":17,"column":1}},"locations":[{"start":{"line":8,"column":21},"end":{"line":17,"column":1}}]},"2":{"type":"branch","line":8,"loc":{"start":{"line":8,"column":21},"end":{"line":10,"column":3}},"locations":[{"start":{"line":8,"column":21},"end":{"line":10,"column":3}}]},"3":{"type":"branch","line":10,"loc":{"start":{"line":10,"column":2},"end":{"line":17,"column":1}},"locations":[{"start":{"line":10,"column":2},"end":{"line":17,"column":1}}]}},"b":{"0":[52],"1":[51],"2":[47],"3":[5]},"fnMap":{"0":{"name":"NotificationToast","decl":{"start":{"line":7,"column":0},"end":{"line":17,"column":1}},"loc":{"start":{"line":7,"column":0},"end":{"line":17,"column":1}},"line":7}},"f":{"0":52}}
,"C:\\projetos\\desafio-votacao-fullstack\\frontend\\src\\components\\PautaCard.tsx": {"path":"C:\\projetos\\desafio-votacao-fullstack\\frontend\\src\\components\\PautaCard.tsx","all":false,"statementMap":{"0":{"start":{"line":1,"column":0},"end":{"line":1,"column":44}},"5":{"start":{"line":6,"column":0},"end":{"line":6,"column":29}},"15":{"start":{"line":16,"column":0},"end":{"line":16,"column":35}},"16":{"start":{"line":17,"column":0},"end":{"line":17,"column":8}},"17":{"start":{"line":18,"column":0},"end":{"line":18,"column":12}},"18":{"start":{"line":19,"column":0},"end":{"line":19,"column":11}},"19":{"start":{"line":20,"column":0},"end":{"line":20,"column":25}},"20":{"start":{"line":21,"column":0},"end":{"line":21,"column":11}},"21":{"start":{"line":22,"column":0},"end":{"line":22,"column":20}},"22":{"start":{"line":23,"column":0},"end":{"line":23,"column":60}},"23":{"start":{"line":24,"column":0},"end":{"line":24,"column":53}},"24":{"start":{"line":25,"column":0},"end":{"line":25,"column":69}},"25":{"start":{"line":26,"column":0},"end":{"line":26,"column":66}},"27":{"start":{"line":28,"column":0},"end":{"line":28,"column":30}},"29":{"start":{"line":30,"column":0},"end":{"line":30,"column":40}},"30":{"start":{"line":31,"column":0},"end":{"line":31,"column":56}},"31":{"start":{"line":32,"column":0},"end":{"line":32,"column":52}},"32":{"start":{"line":33,"column":0},"end":{"line":33,"column":66}},"33":{"start":{"line":34,"column":0},"end":{"line":34,"column":13}},"34":{"start":{"line":35,"column":0},"end":{"line":35,"column":5}},"36":{"start":{"line":37,"column":0},"end":{"line":37,"column":9}},"37":{"start":{"line":38,"column":0},"end":{"line":38,"column":62}},"38":{"start":{"line":39,"column":0},"end":{"line":39,"column":56}},"39":{"start":{"line":40,"column":0},"end":{"line":40,"column":24}},"40":{"start":{"line":41,"column":0},"end":{"line":41,"column":21}},"41":{"start":{"line":42,"column":0},"end":{"line":42,"column":90}},"42":{"start":{"line":43,"column":0},"end":{"line":43,"column":5}},"43":{"start":{"line":44,"column":0},"end":{"line":44,"column":4}},"45":{"start":{"line":46,"column":0},"end":{"line":46,"column":49}},"46":{"start":{"line":47,"column":0},"end":{"line":47,"column":23}},"47":{"start":{"line":48,"column":0},"end":{"line":48,"column":69}},"48":{"start":{"line":49,"column":0},"end":{"line":49,"column":13}},"49":{"start":{"line":50,"column":0},"end":{"line":50,"column":5}},"50":{"start":{"line":51,"column":0},"end":{"line":51,"column":39}},"51":{"start":{"line":52,"column":0},"end":{"line":52,"column":67}},"52":{"start":{"line":53,"column":0},"end":{"line":53,"column":13}},"53":{"start":{"line":54,"column":0},"end":{"line":54,"column":5}},"55":{"start":{"line":56,"column":0},"end":{"line":56,"column":9}},"56":{"start":{"line":57,"column":0},"end":{"line":57,"column":51}},"57":{"start":{"line":58,"column":0},"end":{"line":58,"column":58}},"58":{"start":{"line":59,"column":0},"end":{"line":59,"column":24}},"59":{"start":{"line":60,"column":0},"end":{"line":60,"column":30}},"60":{"start":{"line":61,"column":0},"end":{"line":61,"column":21}},"61":{"start":{"line":62,"column":0},"end":{"line":62,"column":92}},"62":{"start":{"line":63,"column":0},"end":{"line":63,"column":5}},"63":{"start":{"line":64,"column":0},"end":{"line":64,"column":4}},"65":{"start":{"line":66,"column":0},"end":{"line":66,"column":39}},"66":{"start":{"line":67,"column":0},"end":{"line":67,"column":30}},"67":{"start":{"line":68,"column":0},"end":{"line":68,"column":9}},"68":{"start":{"line":69,"column":0},"end":{"line":69,"column":48}},"69":{"start":{"line":70,"column":0},"end":{"line":70,"column":25}},"70":{"start":{"line":71,"column":0},"end":{"line":71,"column":21}},"71":{"start":{"line":72,"column":0},"end":{"line":72,"column":96}},"72":{"start":{"line":73,"column":0},"end":{"line":73,"column":15}},"73":{"start":{"line":74,"column":0},"end":{"line":74,"column":33}},"74":{"start":{"line":75,"column":0},"end":{"line":75,"column":5}},"75":{"start":{"line":76,"column":0},"end":{"line":76,"column":4}},"77":{"start":{"line":78,"column":0},"end":{"line":78,"column":19}},"78":{"start":{"line":79,"column":0},"end":{"line":79,"column":23}},"79":{"start":{"line":80,"column":0},"end":{"line":80,"column":22}},"80":{"start":{"line":81,"column":0},"end":{"line":81,"column":17}},"82":{"start":{"line":83,"column":0},"end":{"line":83,"column":36}},"83":{"start":{"line":84,"column":0},"end":{"line":84,"column":77}},"84":{"start":{"line":85,"column":0},"end":{"line":85,"column":14}},"85":{"start":{"line":86,"column":0},"end":{"line":86,"column":13}},"86":{"start":{"line":87,"column":0},"end":{"line":87,"column":5}},"87":{"start":{"line":88,"column":0},"end":{"line":88,"column":9}},"88":{"start":{"line":89,"column":0},"end":{"line":89,"column":34}},"89":{"start":{"line":90,"column":0},"end":{"line":90,"column":45}},"90":{"start":{"line":91,"column":0},"end":{"line":91,"column":22}},"91":{"start":{"line":92,"column":0},"end":{"line":92,"column":20}},"92":{"start":{"line":93,"column":0},"end":{"line":93,"column":15}},"93":{"start":{"line":94,"column":0},"end":{"line":94,"column":7}},"94":{"start":{"line":95,"column":0},"end":{"line":95,"column":24}},"95":{"start":{"line":96,"column":0},"end":{"line":96,"column":21}},"96":{"start":{"line":97,"column":0},"end":{"line":97,"column":91}},"97":{"start":{"line":98,"column":0},"end":{"line":98,"column":5}},"98":{"start":{"line":99,"column":0},"end":{"line":99,"column":4}},"100":{"start":{"line":101,"column":0},"end":{"line":101,"column":10}},"101":{"start":{"line":102,"column":0},"end":{"line":102,"column":30}},"102":{"start":{"line":103,"column":0},"end":{"line":103,"column":39}},"103":{"start":{"line":104,"column":0},"end":{"line":104,"column":13}},"104":{"start":{"line":105,"column":0},"end":{"line":105,"column":107}},"105":{"start":{"line":106,"column":0},"end":{"line":106,"column":99}},"106":{"start":{"line":107,"column":0},"end":{"line":107,"column":48}},"107":{"start":{"line":108,"column":0},"end":{"line":108,"column":14}},"108":{"start":{"line":109,"column":0},"end":{"line":109,"column":31}},"109":{"start":{"line":110,"column":0},"end":{"line":110,"column":69}},"111":{"start":{"line":112,"column":0},"end":{"line":112,"column":19}},"113":{"start":{"line":114,"column":0},"end":{"line":114,"column":14}},"114":{"start":{"line":115,"column":0},"end":{"line":115,"column":39}},"115":{"start":{"line":116,"column":0},"end":{"line":116,"column":88}},"116":{"start":{"line":117,"column":0},"end":{"line":117,"column":76}},"117":{"start":{"line":118,"column":0},"end":{"line":118,"column":17}},"118":{"start":{"line":119,"column":0},"end":{"line":119,"column":74}},"120":{"start":{"line":121,"column":0},"end":{"line":121,"column":19}},"121":{"start":{"line":122,"column":0},"end":{"line":122,"column":14}},"122":{"start":{"line":123,"column":0},"end":{"line":123,"column":15}},"124":{"start":{"line":125,"column":0},"end":{"line":125,"column":41}},"125":{"start":{"line":126,"column":0},"end":{"line":126,"column":29}},"126":{"start":{"line":127,"column":0},"end":{"line":127,"column":17}},"128":{"start":{"line":129,"column":0},"end":{"line":129,"column":18}},"129":{"start":{"line":130,"column":0},"end":{"line":130,"column":27}},"130":{"start":{"line":131,"column":0},"end":{"line":131,"column":21}},"131":{"start":{"line":132,"column":0},"end":{"line":132,"column":36}},"132":{"start":{"line":133,"column":0},"end":{"line":133,"column":73}},"133":{"start":{"line":134,"column":0},"end":{"line":134,"column":14}},"134":{"start":{"line":135,"column":0},"end":{"line":135,"column":18}},"135":{"start":{"line":136,"column":0},"end":{"line":136,"column":79}},"137":{"start":{"line":138,"column":0},"end":{"line":138,"column":19}},"138":{"start":{"line":139,"column":0},"end":{"line":139,"column":14}},"139":{"start":{"line":140,"column":0},"end":{"line":140,"column":16}},"141":{"start":{"line":142,"column":0},"end":{"line":142,"column":41}},"142":{"start":{"line":143,"column":0},"end":{"line":143,"column":29}},"143":{"start":{"line":144,"column":0},"end":{"line":144,"column":17}},"145":{"start":{"line":146,"column":0},"end":{"line":146,"column":18}},"146":{"start":{"line":147,"column":0},"end":{"line":147,"column":25}},"147":{"start":{"line":148,"column":0},"end":{"line":148,"column":33}},"148":{"start":{"line":149,"column":0},"end":{"line":149,"column":28}},"149":{"start":{"line":150,"column":0},"end":{"line":150,"column":38}},"150":{"start":{"line":151,"column":0},"end":{"line":151,"column":33}},"151":{"start":{"line":152,"column":0},"end":{"line":152,"column":102}},"152":{"start":{"line":153,"column":0},"end":{"line":153,"column":14}},"153":{"start":{"line":154,"column":0},"end":{"line":154,"column":18}},"154":{"start":{"line":155,"column":0},"end":{"line":155,"column":38}},"155":{"start":{"line":156,"column":0},"end":{"line":156,"column":53}},"156":{"start":{"line":157,"column":0},"end":{"line":157,"column":42}},"157":{"start":{"line":158,"column":0},"end":{"line":158,"column":114}},"159":{"start":{"line":160,"column":0},"end":{"line":160,"column":23}},"160":{"start":{"line":161,"column":0},"end":{"line":161,"column":114}},"162":{"start":{"line":163,"column":0},"end":{"line":163,"column":23}},"163":{"start":{"line":164,"column":0},"end":{"line":164,"column":18}},"164":{"start":{"line":165,"column":0},"end":{"line":165,"column":16}},"165":{"start":{"line":166,"column":0},"end":{"line":166,"column":14}},"166":{"start":{"line":167,"column":0},"end":{"line":167,"column":16}},"168":{"start":{"line":169,"column":0},"end":{"line":169,"column":41}},"169":{"start":{"line":170,"column":0},"end":{"line":170,"column":42}},"170":{"start":{"line":171,"column":0},"end":{"line":171,"column":86}},"171":{"start":{"line":172,"column":0},"end":{"line":172,"column":24}},"172":{"start":{"line":173,"column":0},"end":{"line":173,"column":36}},"173":{"start":{"line":174,"column":0},"end":{"line":174,"column":56}},"174":{"start":{"line":175,"column":0},"end":{"line":175,"column":52}},"175":{"start":{"line":176,"column":0},"end":{"line":176,"column":52}},"176":{"start":{"line":177,"column":0},"end":{"line":177,"column":53}},"177":{"start":{"line":178,"column":0},"end":{"line":178,"column":18}},"179":{"start":{"line":180,"column":0},"end":{"line":180,"column":89}},"181":{"start":{"line":182,"column":0},"end":{"line":182,"column":14}},"182":{"start":{"line":183,"column":0},"end":{"line":183,"column":16}},"183":{"start":{"line":184,"column":0},"end":{"line":184,"column":14}},"185":{"start":{"line":186,"column":0},"end":{"line":186,"column":1}}},"s":{"0":1,"5":1,"15":105,"16":105,"17":105,"18":105,"19":105,"20":105,"21":105,"22":105,"23":105,"24":105,"25":105,"27":105,"29":105,"30":3,"31":3,"32":1,"33":1,"34":1,"36":2,"37":2,"38":1,"39":1,"40":1,"41":1,"42":1,"43":3,"45":105,"46":4,"47":1,"48":1,"49":1,"50":4,"51":1,"52":1,"53":1,"55":2,"56":2,"57":1,"58":1,"59":1,"60":1,"61":1,"62":1,"63":4,"65":105,"66":26,"67":26,"68":26,"69":25,"70":26,"71":1,"72":26,"73":26,"74":26,"75":26,"77":105,"78":25,"79":25,"80":105,"82":105,"83":5,"84":5,"85":1,"86":1,"87":4,"88":4,"89":3,"90":5,"91":2,"92":2,"93":2,"94":1,"95":1,"96":1,"97":1,"98":5,"100":105,"101":105,"102":105,"103":105,"104":105,"105":105,"106":105,"107":105,"108":105,"109":90,"111":90,"113":105,"114":105,"115":105,"116":105,"117":105,"118":105,"120":105,"121":105,"122":105,"124":105,"125":105,"126":105,"128":105,"129":105,"130":105,"131":105,"132":105,"133":105,"134":105,"135":105,"137":105,"138":105,"139":105,"141":105,"142":105,"143":105,"145":105,"146":105,"147":105,"148":105,"149":105,"150":105,"151":105,"152":105,"153":105,"154":105,"155":105,"156":105,"157":105,"159":105,"160":105,"162":105,"163":105,"164":105,"165":105,"166":105,"168":105,"169":105,"170":105,"171":105,"172":55,"173":55,"174":55,"175":55,"176":55,"177":55,"179":50,"181":105,"182":105,"183":105,"185":105},"branchMap":{"0":{"type":"branch","line":16,"loc":{"start":{"line":16,"column":0},"end":{"line":186,"column":1}},"locations":[{"start":{"line":16,"column":0},"end":{"line":186,"column":1}}]},"1":{"type":"branch","line":105,"loc":{"start":{"line":105,"column":40},"end":{"line":105,"column":73}},"locations":[{"start":{"line":105,"column":40},"end":{"line":105,"column":73}}]},"2":{"type":"branch","line":105,"loc":{"start":{"line":105,"column":58},"end":{"line":105,"column":84}},"locations":[{"start":{"line":105,"column":58},"end":{"line":105,"column":84}}]},"3":{"type":"branch","line":106,"loc":{"start":{"line":106,"column":51},"end":{"line":106,"column":84}},"locations":[{"start":{"line":106,"column":51},"end":{"line":106,"column":84}}]},"4":{"type":"branch","line":106,"loc":{"start":{"line":106,"column":69},"end":{"line":106,"column":95}},"locations":[{"start":{"line":106,"column":69},"end":{"line":106,"column":95}}]},"5":{"type":"branch","line":107,"loc":{"start":{"line":107,"column":19},"end":{"line":107,"column":48}},"locations":[{"start":{"line":107,"column":19},"end":{"line":107,"column":48}}]},"6":{"type":"branch","line":109,"loc":{"start":{"line":109,"column":11},"end":{"line":112,"column":19}},"locations":[{"start":{"line":109,"column":11},"end":{"line":112,"column":19}}]},"7":{"type":"branch","line":116,"loc":{"start":{"line":116,"column":36},"end":{"line":116,"column":53}},"locations":[{"start":{"line":116,"column":36},"end":{"line":116,"column":53}}]},"8":{"type":"branch","line":116,"loc":{"start":{"line":116,"column":44},"end":{"line":116,"column":69}},"locations":[{"start":{"line":116,"column":44},"end":{"line":116,"column":69}}]},"9":{"type":"branch","line":116,"loc":{"start":{"line":116,"column":53},"end":{"line":116,"column":84}},"locations":[{"start":{"line":116,"column":53},"end":{"line":116,"column":84}}]},"10":{"type":"branch","line":117,"loc":{"start":{"line":117,"column":13},"end":{"line":117,"column":63}},"locations":[{"start":{"line":117,"column":13},"end":{"line":117,"column":63}}]},"11":{"type":"branch","line":117,"loc":{"start":{"line":117,"column":39},"end":{"line":117,"column":63}},"locations":[{"start":{"line":117,"column":39},"end":{"line":117,"column":63}}]},"12":{"type":"branch","line":117,"loc":{"start":{"line":117,"column":50},"end":{"line":117,"column":76}},"locations":[{"start":{"line":117,"column":50},"end":{"line":117,"column":76}}]},"13":{"type":"branch","line":158,"loc":{"start":{"line":158,"column":98},"end":{"line":158,"column":114}},"locations":[{"start":{"line":158,"column":98},"end":{"line":158,"column":114}}]},"14":{"type":"branch","line":161,"loc":{"start":{"line":161,"column":98},"end":{"line":161,"column":114}},"locations":[{"start":{"line":161,"column":98},"end":{"line":161,"column":114}}]},"15":{"type":"branch","line":171,"loc":{"start":{"line":171,"column":11},"end":{"line":171,"column":86}},"locations":[{"start":{"line":171,"column":11},"end":{"line":171,"column":86}}]},"16":{"type":"branch","line":172,"loc":{"start":{"line":172,"column":11},"end":{"line":178,"column":18}},"locations":[{"start":{"line":172,"column":11},"end":{"line":178,"column":18}}]},"17":{"type":"branch","line":178,"loc":{"start":{"line":178,"column":12},"end":{"line":180,"column":89}},"locations":[{"start":{"line":178,"column":12},"end":{"line":180,"column":89}}]},"18":{"type":"branch","line":180,"loc":{"start":{"line":180,"column":13},"end":{"line":180,"column":89}},"locations":[{"start":{"line":180,"column":13},"end":{"line":180,"column":89}}]},"19":{"type":"branch","line":30,"loc":{"start":{"line":30,"column":27},"end":{"line":44,"column":4}},"locations":[{"start":{"line":30,"column":27},"end":{"line":44,"column":4}}]},"20":{"type":"branch","line":32,"loc":{"start":{"line":32,"column":51},"end":{"line":35,"column":5}},"locations":[{"start":{"line":32,"column":51},"end":{"line":35,"column":5}}]},"21":{"type":"branch","line":35,"loc":{"start":{"line":35,"column":4},"end":{"line":38,"column":62}},"locations":[{"start":{"line":35,"column":4},"end":{"line":38,"column":62}}]},"22":{"type":"branch","line":38,"loc":{"start":{"line":38,"column":60},"end":{"line":43,"column":5}},"locations":[{"start":{"line":38,"column":60},"end":{"line":43,"column":5}}]},"23":{"type":"branch","line":42,"loc":{"start":{"line":42,"column":46},"end":{"line":42,"column":81}},"locations":[{"start":{"line":42,"column":46},"end":{"line":42,"column":81}}]},"24":{"type":"branch","line":46,"loc":{"start":{"line":46,"column":21},"end":{"line":64,"column":4}},"locations":[{"start":{"line":46,"column":21},"end":{"line":64,"column":4}}]},"25":{"type":"branch","line":47,"loc":{"start":{"line":47,"column":22},"end":{"line":50,"column":5}},"locations":[{"start":{"line":47,"column":22},"end":{"line":50,"column":5}}]},"26":{"type":"branch","line":50,"loc":{"start":{"line":50,"column":4},"end":{"line":51,"column":38}},"locations":[{"start":{"line":50,"column":4},"end":{"line":51,"column":38}}]},"27":{"type":"branch","line":51,"loc":{"start":{"line":51,"column":38},"end":{"line":54,"column":5}},"locations":[{"start":{"line":51,"column":38},"end":{"line":54,"column":5}}]},"28":{"type":"branch","line":54,"loc":{"start":{"line":54,"column":4},"end":{"line":57,"column":51}},"locations":[{"start":{"line":54,"column":4},"end":{"line":57,"column":51}}]},"29":{"type":"branch","line":57,"loc":{"start":{"line":57,"column":49},"end":{"line":63,"column":5}},"locations":[{"start":{"line":57,"column":49},"end":{"line":63,"column":5}}]},"30":{"type":"branch","line":62,"loc":{"start":{"line":62,"column":46},"end":{"line":62,"column":83}},"locations":[{"start":{"line":62,"column":46},"end":{"line":62,"column":83}}]},"31":{"type":"branch","line":66,"loc":{"start":{"line":66,"column":26},"end":{"line":76,"column":4}},"locations":[{"start":{"line":66,"column":26},"end":{"line":76,"column":4}}]},"32":{"type":"branch","line":69,"loc":{"start":{"line":69,"column":46},"end":{"line":71,"column":13}},"locations":[{"start":{"line":69,"column":46},"end":{"line":71,"column":13}}]},"33":{"type":"branch","line":71,"loc":{"start":{"line":71,"column":4},"end":{"line":73,"column":6}},"locations":[{"start":{"line":71,"column":4},"end":{"line":73,"column":6}}]},"34":{"type":"branch","line":72,"loc":{"start":{"line":72,"column":46},"end":{"line":72,"column":87}},"locations":[{"start":{"line":72,"column":46},"end":{"line":72,"column":87}}]},"35":{"type":"branch","line":78,"loc":{"start":{"line":78,"column":12},"end":{"line":81,"column":5}},"locations":[{"start":{"line":78,"column":12},"end":{"line":81,"column":5}}]},"36":{"type":"branch","line":83,"loc":{"start":{"line":83,"column":23},"end":{"line":99,"column":4}},"locations":[{"start":{"line":83,"column":23},"end":{"line":99,"column":4}}]},"37":{"type":"branch","line":85,"loc":{"start":{"line":85,"column":13},"end":{"line":87,"column":5}},"locations":[{"start":{"line":85,"column":13},"end":{"line":87,"column":5}}]},"38":{"type":"branch","line":87,"loc":{"start":{"line":87,"column":4},"end":{"line":89,"column":34}},"locations":[{"start":{"line":87,"column":4},"end":{"line":89,"column":34}}]},"39":{"type":"branch","line":89,"loc":{"start":{"line":89,"column":32},"end":{"line":91,"column":21}},"locations":[{"start":{"line":89,"column":32},"end":{"line":91,"column":21}}]},"40":{"type":"branch","line":91,"loc":{"start":{"line":91,"column":21},"end":{"line":98,"column":5}},"locations":[{"start":{"line":91,"column":21},"end":{"line":98,"column":5}}]},"41":{"type":"branch","line":94,"loc":{"start":{"line":94,"column":6},"end":{"line":98,"column":5}},"locations":[{"start":{"line":94,"column":6},"end":{"line":98,"column":5}}]},"42":{"type":"branch","line":97,"loc":{"start":{"line":97,"column":46},"end":{"line":97,"column":82}},"locations":[{"start":{"line":97,"column":46},"end":{"line":97,"column":82}}]},"43":{"type":"branch","line":133,"loc":{"start":{"line":133,"column":24},"end":{"line":133,"column":73}},"locations":[{"start":{"line":133,"column":24},"end":{"line":133,"column":73}}]},"44":{"type":"branch","line":152,"loc":{"start":{"line":152,"column":24},"end":{"line":152,"column":102}},"locations":[{"start":{"line":152,"column":24},"end":{"line":152,"column":102}}]},"45":{"type":"branch","line":158,"loc":{"start":{"line":158,"column":62},"end":{"line":158,"column":87}},"locations":[{"start":{"line":158,"column":62},"end":{"line":158,"column":87}}]},"46":{"type":"branch","line":161,"loc":{"start":{"line":161,"column":62},"end":{"line":161,"column":87}},"locations":[{"start":{"line":161,"column":62},"end":{"line":161,"column":87}}]}},"b":{"0":[105],"1":[90],"2":[15],"3":[90],"4":[15],"5":[0],"6":[90],"7":[40],"8":[40],"9":[65],"10":[40],"11":[0],"12":[65],"13":[40],"14":[40],"15":[25],"16":[55],"17":[50],"18":[26],"19":[3],"20":[1],"21":[2],"22":[1],"23":[0],"24":[4],"25":[1],"26":[3],"27":[1],"28":[2],"29":[1],"30":[0],"31":[26],"32":[25],"33":[1],"34":[0],"35":[25],"36":[5],"37":[1],"38":[4],"39":[3],"40":[2],"41":[1],"42":[0],"43":[2],"44":[26],"45":[3],"46":[1]},"fnMap":{"0":{"name":"PautaCard","decl":{"start":{"line":16,"column":0},"end":{"line":186,"column":1}},"loc":{"start":{"line":16,"column":0},"end":{"line":186,"column":1}},"line":16},"1":{"name":"handleOpenSessao","decl":{"start":{"line":30,"column":27},"end":{"line":44,"column":4}},"loc":{"start":{"line":30,"column":27},"end":{"line":44,"column":4}},"line":30},"2":{"name":"handleVote","decl":{"start":{"line":46,"column":21},"end":{"line":64,"column":4}},"loc":{"start":{"line":46,"column":21},"end":{"line":64,"column":4}},"line":46},"3":{"name":"handleResultado","decl":{"start":{"line":66,"column":26},"end":{"line":76,"column":4}},"loc":{"start":{"line":66,"column":26},"end":{"line":76,"column":4}},"line":66},"4":{"name":"handleDelete","decl":{"start":{"line":83,"column":23},"end":{"line":99,"column":4}},"loc":{"start":{"line":83,"column":23},"end":{"line":99,"column":4}},"line":83},"5":{"name":"onChange","decl":{"start":{"line":133,"column":24},"end":{"line":133,"column":73}},"loc":{"start":{"line":133,"column":24},"end":{"line":133,"column":73}},"line":133},"6":{"name":"onChange","decl":{"start":{"line":152,"column":24},"end":{"line":152,"column":102}},"loc":{"start":{"line":152,"column":24},"end":{"line":152,"column":102}},"line":152},"7":{"name":"onClick","decl":{"start":{"line":158,"column":62},"end":{"line":158,"column":87}},"loc":{"start":{"line":158,"column":62},"end":{"line":158,"column":87}},"line":158},"8":{"name":"onClick","decl":{"start":{"line":161,"column":62},"end":{"line":161,"column":87}},"loc":{"start":{"line":161,"column":62},"end":{"line":161,"column":87}},"line":161}},"f":{"0":105,"1":3,"2":4,"3":26,"4":5,"5":2,"6":26,"7":3,"8":1}}
,"C:\\projetos\\desafio-votacao-fullstack\\frontend\\src\\components\\PautaForm.tsx": {"path":"C:\\projetos\\desafio-votacao-fullstack\\frontend\\src\\components\\PautaForm.tsx","all":false,"statementMap":{"0":{"start":{"line":1,"column":0},"end":{"line":1,"column":33}},"13":{"start":{"line":14,"column":0},"end":{"line":14,"column":87}},"14":{"start":{"line":15,"column":0},"end":{"line":15,"column":43}},"15":{"start":{"line":16,"column":0},"end":{"line":16,"column":49}},"17":{"start":{"line":18,"column":0},"end":{"line":18,"column":69}},"18":{"start":{"line":19,"column":0},"end":{"line":19,"column":27}},"19":{"start":{"line":20,"column":0},"end":{"line":20,"column":25}},"20":{"start":{"line":21,"column":0},"end":{"line":21,"column":13}},"21":{"start":{"line":22,"column":0},"end":{"line":22,"column":5}},"22":{"start":{"line":23,"column":0},"end":{"line":23,"column":75}},"23":{"start":{"line":24,"column":0},"end":{"line":24,"column":18}},"24":{"start":{"line":25,"column":0},"end":{"line":25,"column":21}},"25":{"start":{"line":26,"column":0},"end":{"line":26,"column":4}},"27":{"start":{"line":28,"column":0},"end":{"line":28,"column":10}},"28":{"start":{"line":29,"column":0},"end":{"line":29,"column":52}},"29":{"start":{"line":30,"column":0},"end":{"line":30,"column":13}},"31":{"start":{"line":32,"column":0},"end":{"line":32,"column":84}},"32":{"start":{"line":33,"column":0},"end":{"line":33,"column":14}},"33":{"start":{"line":34,"column":0},"end":{"line":34,"column":13}},"35":{"start":{"line":36,"column":0},"end":{"line":36,"column":93}},"36":{"start":{"line":37,"column":0},"end":{"line":37,"column":14}},"37":{"start":{"line":38,"column":0},"end":{"line":38,"column":70}},"38":{"start":{"line":39,"column":0},"end":{"line":39,"column":47}},"39":{"start":{"line":40,"column":0},"end":{"line":40,"column":15}},"40":{"start":{"line":41,"column":0},"end":{"line":41,"column":11}},"42":{"start":{"line":43,"column":0},"end":{"line":43,"column":1}}},"s":{"0":1,"13":84,"14":84,"15":84,"17":84,"18":6,"19":6,"20":2,"21":2,"22":4,"23":4,"24":4,"25":6,"27":84,"28":84,"29":84,"31":84,"32":84,"33":84,"35":84,"36":84,"37":84,"38":84,"39":84,"40":84,"42":84},"branchMap":{"0":{"type":"branch","line":14,"loc":{"start":{"line":14,"column":0},"end":{"line":43,"column":1}},"locations":[{"start":{"line":14,"column":0},"end":{"line":43,"column":1}}]},"1":{"type":"branch","line":38,"loc":{"start":{"line":38,"column":51},"end":{"line":38,"column":70}},"locations":[{"start":{"line":38,"column":51},"end":{"line":38,"column":70}}]},"2":{"type":"branch","line":39,"loc":{"start":{"line":39,"column":9},"end":{"line":39,"column":39}},"locations":[{"start":{"line":39,"column":9},"end":{"line":39,"column":39}}]},"3":{"type":"branch","line":39,"loc":{"start":{"line":39,"column":24},"end":{"line":39,"column":47}},"locations":[{"start":{"line":39,"column":24},"end":{"line":39,"column":47}}]},"4":{"type":"branch","line":18,"loc":{"start":{"line":18,"column":23},"end":{"line":26,"column":4}},"locations":[{"start":{"line":18,"column":23},"end":{"line":26,"column":4}}]},"5":{"type":"branch","line":20,"loc":{"start":{"line":20,"column":24},"end":{"line":22,"column":5}},"locations":[{"start":{"line":20,"column":24},"end":{"line":22,"column":5}}]},"6":{"type":"branch","line":22,"loc":{"start":{"line":22,"column":4},"end":{"line":25,"column":21}},"locations":[{"start":{"line":22,"column":4},"end":{"line":25,"column":21}}]},"7":{"type":"branch","line":32,"loc":{"start":{"line":32,"column":40},"end":{"line":32,"column":82}},"locations":[{"start":{"line":32,"column":40},"end":{"line":32,"column":82}}]},"8":{"type":"branch","line":36,"loc":{"start":{"line":36,"column":46},"end":{"line":36,"column":91}},"locations":[{"start":{"line":36,"column":46},"end":{"line":36,"column":91}}]}},"b":{"0":[84],"1":[70],"2":[4],"3":[80],"4":[6],"5":[2],"6":[4],"7":[45],"8":[24]},"fnMap":{"0":{"name":"PautaForm","decl":{"start":{"line":14,"column":0},"end":{"line":43,"column":1}},"loc":{"start":{"line":14,"column":0},"end":{"line":43,"column":1}},"line":14},"1":{"name":"handleSubmit","decl":{"start":{"line":18,"column":23},"end":{"line":26,"column":4}},"loc":{"start":{"line":18,"column":23},"end":{"line":26,"column":4}},"line":18},"2":{"name":"onChange","decl":{"start":{"line":32,"column":40},"end":{"line":32,"column":82}},"loc":{"start":{"line":32,"column":40},"end":{"line":32,"column":82}},"line":32},"3":{"name":"onChange","decl":{"start":{"line":36,"column":46},"end":{"line":36,"column":91}},"loc":{"start":{"line":36,"column":46},"end":{"line":36,"column":91}},"line":36}},"f":{"0":84,"1":6,"2":45,"3":24}}
,"C:\\projetos\\desafio-votacao-fullstack\\frontend\\src\\pages\\DashboardPage.tsx": {"path":"C:\\projetos\\desafio-votacao-fullstack\\frontend\\src\\pages\\DashboardPage.tsx","all":false,"statementMap":{"0":{"start":{"line":1,"column":0},"end":{"line":1,"column":44}},"6":{"start":{"line":7,"column":0},"end":{"line":7,"column":41}},"7":{"start":{"line":8,"column":0},"end":{"line":8,"column":52}},"8":{"start":{"line":9,"column":0},"end":{"line":9,"column":48}},"9":{"start":{"line":10,"column":0},"end":{"line":10,"column":78}},"10":{"start":{"line":11,"column":0},"end":{"line":11,"column":72}},"12":{"start":{"line":13,"column":0},"end":{"line":13,"column":82}},"13":{"start":{"line":14,"column":0},"end":{"line":14,"column":19}},"14":{"start":{"line":15,"column":0},"end":{"line":15,"column":13}},"15":{"start":{"line":16,"column":0},"end":{"line":16,"column":5}},"16":{"start":{"line":17,"column":0},"end":{"line":17,"column":39}},"17":{"start":{"line":18,"column":0},"end":{"line":18,"column":4}},"19":{"start":{"line":20,"column":0},"end":{"line":20,"column":34}},"20":{"start":{"line":21,"column":0},"end":{"line":21,"column":21}},"21":{"start":{"line":22,"column":0},"end":{"line":22,"column":26}},"22":{"start":{"line":23,"column":0},"end":{"line":23,"column":9}},"23":{"start":{"line":24,"column":0},"end":{"line":24,"column":38}},"24":{"start":{"line":25,"column":0},"end":{"line":25,"column":113}},"25":{"start":{"line":26,"column":0},"end":{"line":26,"column":24}},"26":{"start":{"line":27,"column":0},"end":{"line":27,"column":21}},"27":{"start":{"line":28,"column":0},"end":{"line":28,"column":90}},"28":{"start":{"line":29,"column":0},"end":{"line":29,"column":31}},"29":{"start":{"line":30,"column":0},"end":{"line":30,"column":41}},"30":{"start":{"line":31,"column":0},"end":{"line":31,"column":15}},"31":{"start":{"line":32,"column":0},"end":{"line":32,"column":24}},"32":{"start":{"line":33,"column":0},"end":{"line":33,"column":5}},"33":{"start":{"line":34,"column":0},"end":{"line":34,"column":4}},"35":{"start":{"line":36,"column":0},"end":{"line":36,"column":19}},"36":{"start":{"line":37,"column":0},"end":{"line":37,"column":17}},"37":{"start":{"line":38,"column":0},"end":{"line":38,"column":9}},"39":{"start":{"line":40,"column":0},"end":{"line":40,"column":10}},"40":{"start":{"line":41,"column":0},"end":{"line":41,"column":33}},"41":{"start":{"line":42,"column":0},"end":{"line":42,"column":39}},"42":{"start":{"line":43,"column":0},"end":{"line":43,"column":24}},"43":{"start":{"line":44,"column":0},"end":{"line":44,"column":41}},"44":{"start":{"line":45,"column":0},"end":{"line":45,"column":59}},"45":{"start":{"line":46,"column":0},"end":{"line":46,"column":14}},"46":{"start":{"line":47,"column":0},"end":{"line":47,"column":88}},"47":{"start":{"line":48,"column":0},"end":{"line":48,"column":52}},"48":{"start":{"line":49,"column":0},"end":{"line":49,"column":17}},"49":{"start":{"line":50,"column":0},"end":{"line":50,"column":12}},"50":{"start":{"line":51,"column":0},"end":{"line":51,"column":41}},"51":{"start":{"line":52,"column":0},"end":{"line":52,"column":53}},"52":{"start":{"line":53,"column":0},"end":{"line":53,"column":49}},"53":{"start":{"line":54,"column":0},"end":{"line":54,"column":43}},"54":{"start":{"line":55,"column":0},"end":{"line":55,"column":49}},"55":{"start":{"line":56,"column":0},"end":{"line":56,"column":71}},"57":{"start":{"line":58,"column":0},"end":{"line":58,"column":19}},"58":{"start":{"line":59,"column":0},"end":{"line":59,"column":14}},"59":{"start":{"line":60,"column":0},"end":{"line":60,"column":31}},"60":{"start":{"line":61,"column":0},"end":{"line":61,"column":30}},"61":{"start":{"line":62,"column":0},"end":{"line":62,"column":34}},"62":{"start":{"line":63,"column":0},"end":{"line":63,"column":22}},"63":{"start":{"line":64,"column":0},"end":{"line":64,"column":28}},"64":{"start":{"line":65,"column":0},"end":{"line":65,"column":27}},"65":{"start":{"line":66,"column":0},"end":{"line":66,"column":36}},"66":{"start":{"line":67,"column":0},"end":{"line":67,"column":41}},"67":{"start":{"line":68,"column":0},"end":{"line":68,"column":14}},"68":{"start":{"line":69,"column":0},"end":{"line":69,"column":13}},"69":{"start":{"line":70,"column":0},"end":{"line":70,"column":14}},"71":{"start":{"line":72,"column":0},"end":{"line":72,"column":88}},"73":{"start":{"line":74,"column":0},"end":{"line":74,"column":14}},"75":{"start":{"line":76,"column":0},"end":{"line":76,"column":1}}},"s":{"0":1,"6":20,"7":20,"8":20,"9":20,"10":20,"12":20,"13":2,"14":1,"15":1,"16":1,"17":2,"19":20,"20":7,"21":7,"22":7,"23":7,"24":5,"25":5,"26":7,"27":2,"28":2,"29":2,"30":7,"31":7,"32":7,"33":7,"35":20,"36":6,"37":20,"39":20,"40":20,"41":20,"42":20,"43":20,"44":20,"45":20,"46":20,"47":20,"48":20,"49":20,"50":20,"51":6,"52":14,"53":1,"54":1,"55":1,"57":1,"58":1,"59":13,"60":4,"61":4,"62":7,"63":7,"64":7,"65":7,"66":7,"67":7,"68":4,"69":4,"71":9,"73":20,"75":20},"branchMap":{"0":{"type":"branch","line":7,"loc":{"start":{"line":7,"column":0},"end":{"line":76,"column":1}},"locations":[{"start":{"line":7,"column":0},"end":{"line":76,"column":1}}]},"1":{"type":"branch","line":48,"loc":{"start":{"line":48,"column":11},"end":{"line":48,"column":40}},"locations":[{"start":{"line":48,"column":11},"end":{"line":48,"column":40}}]},"2":{"type":"branch","line":48,"loc":{"start":{"line":48,"column":21},"end":{"line":48,"column":52}},"locations":[{"start":{"line":48,"column":21},"end":{"line":48,"column":52}}]},"3":{"type":"branch","line":51,"loc":{"start":{"line":51,"column":7},"end":{"line":51,"column":41}},"locations":[{"start":{"line":51,"column":7},"end":{"line":51,"column":41}}]},"4":{"type":"branch","line":51,"loc":{"start":{"line":51,"column":36},"end":{"line":52,"column":53}},"locations":[{"start":{"line":51,"column":36},"end":{"line":52,"column":53}}]},"5":{"type":"branch","line":52,"loc":{"start":{"line":52,"column":49},"end":{"line":72,"column":88}},"locations":[{"start":{"line":52,"column":49},"end":{"line":72,"column":88}}]},"6":{"type":"branch","line":53,"loc":{"start":{"line":53,"column":10},"end":{"line":53,"column":49}},"locations":[{"start":{"line":53,"column":10},"end":{"line":53,"column":49}}]},"7":{"type":"branch","line":53,"loc":{"start":{"line":53,"column":44},"end":{"line":59,"column":14}},"locations":[{"start":{"line":53,"column":44},"end":{"line":59,"column":14}}]},"8":{"type":"branch","line":59,"loc":{"start":{"line":59,"column":8},"end":{"line":72,"column":88}},"locations":[{"start":{"line":59,"column":8},"end":{"line":72,"column":88}}]},"9":{"type":"branch","line":60,"loc":{"start":{"line":60,"column":26},"end":{"line":70,"column":14}},"locations":[{"start":{"line":60,"column":26},"end":{"line":70,"column":14}}]},"10":{"type":"branch","line":70,"loc":{"start":{"line":70,"column":8},"end":{"line":72,"column":88}},"locations":[{"start":{"line":70,"column":8},"end":{"line":72,"column":88}}]},"11":{"type":"branch","line":13,"loc":{"start":{"line":13,"column":27},"end":{"line":18,"column":4}},"locations":[{"start":{"line":13,"column":27},"end":{"line":18,"column":4}}]},"12":{"type":"branch","line":14,"loc":{"start":{"line":14,"column":18},"end":{"line":17,"column":39}},"locations":[{"start":{"line":14,"column":18},"end":{"line":17,"column":39}}]},"13":{"type":"branch","line":20,"loc":{"start":{"line":20,"column":21},"end":{"line":34,"column":4}},"locations":[{"start":{"line":20,"column":21},"end":{"line":34,"column":4}}]},"14":{"type":"branch","line":24,"loc":{"start":{"line":24,"column":36},"end":{"line":27,"column":13}},"locations":[{"start":{"line":24,"column":36},"end":{"line":27,"column":13}}]},"15":{"type":"branch","line":27,"loc":{"start":{"line":27,"column":4},"end":{"line":31,"column":6}},"locations":[{"start":{"line":27,"column":4},"end":{"line":31,"column":6}}]},"16":{"type":"branch","line":28,"loc":{"start":{"line":28,"column":53},"end":{"line":28,"column":90}},"locations":[{"start":{"line":28,"column":53},"end":{"line":28,"column":90}}]},"17":{"type":"branch","line":25,"loc":{"start":{"line":25,"column":36},"end":{"line":25,"column":111}},"locations":[{"start":{"line":25,"column":36},"end":{"line":25,"column":111}}]},"18":{"type":"branch","line":36,"loc":{"start":{"line":36,"column":12},"end":{"line":38,"column":5}},"locations":[{"start":{"line":36,"column":12},"end":{"line":38,"column":5}}]},"19":{"type":"branch","line":62,"loc":{"start":{"line":62,"column":22},"end":{"line":68,"column":14}},"locations":[{"start":{"line":62,"column":22},"end":{"line":68,"column":14}}]}},"b":{"0":[20],"1":[7],"2":[13],"3":[7],"4":[6],"5":[14],"6":[1],"7":[1],"8":[13],"9":[4],"10":[9],"11":[2],"12":[1],"13":[7],"14":[5],"15":[2],"16":[0],"17":[2],"18":[6],"19":[7]},"fnMap":{"0":{"name":"DashboardPage","decl":{"start":{"line":7,"column":0},"end":{"line":76,"column":1}},"loc":{"start":{"line":7,"column":0},"end":{"line":76,"column":1}},"line":7},"1":{"name":"pushNotification","decl":{"start":{"line":13,"column":27},"end":{"line":18,"column":4}},"loc":{"start":{"line":13,"column":27},"end":{"line":18,"column":4}},"line":13},"2":{"name":"loadPautas","decl":{"start":{"line":20,"column":21},"end":{"line":34,"column":4}},"loc":{"start":{"line":20,"column":21},"end":{"line":34,"column":4}},"line":20}},"f":{"0":20,"1":2,"2":7}}
,"C:\\projetos\\desafio-votacao-fullstack\\frontend\\src\\pages\\NotFoundPage.tsx": {"path":"C:\\projetos\\desafio-votacao-fullstack\\frontend\\src\\pages\\NotFoundPage.tsx","all":false,"statementMap":{"0":{"start":{"line":1,"column":0},"end":{"line":1,"column":40}},"2":{"start":{"line":3,"column":0},"end":{"line":3,"column":40}},"3":{"start":{"line":4,"column":0},"end":{"line":4,"column":10}},"4":{"start":{"line":5,"column":0},"end":{"line":5,"column":33}},"5":{"start":{"line":6,"column":0},"end":{"line":6,"column":41}},"6":{"start":{"line":7,"column":0},"end":{"line":7,"column":38}},"7":{"start":{"line":8,"column":0},"end":{"line":8,"column":92}},"8":{"start":{"line":9,"column":0},"end":{"line":9,"column":45}},"10":{"start":{"line":11,"column":0},"end":{"line":11,"column":15}},"11":{"start":{"line":12,"column":0},"end":{"line":12,"column":12}},"12":{"start":{"line":13,"column":0},"end":{"line":13,"column":14}},"14":{"start":{"line":15,"column":0},"end":{"line":15,"column":1}}},"s":{"0":1,"2":1,"3":1,"4":1,"5":1,"6":1,"7":1,"8":1,"10":1,"11":1,"12":1,"14":1},"branchMap":{"0":{"type":"branch","line":3,"loc":{"start":{"line":3,"column":0},"end":{"line":15,"column":1}},"locations":[{"start":{"line":3,"column":0},"end":{"line":15,"column":1}}]}},"b":{"0":[1]},"fnMap":{"0":{"name":"NotFoundPage","decl":{"start":{"line":3,"column":0},"end":{"line":15,"column":1}},"loc":{"start":{"line":3,"column":0},"end":{"line":15,"column":1}},"line":3}},"f":{"0":1}}
,"C:\\projetos\\desafio-votacao-fullstack\\frontend\\src\\pages\\NovaPautaPage.tsx": {"path":"C:\\projetos\\desafio-votacao-fullstack\\frontend\\src\\pages\\NovaPautaPage.tsx","all":false,"statementMap":{"0":{"start":{"line":1,"column":0},"end":{"line":1,"column":33}},"7":{"start":{"line":8,"column":0},"end":{"line":8,"column":41}},"8":{"start":{"line":9,"column":0},"end":{"line":9,"column":33}},"9":{"start":{"line":10,"column":0},"end":{"line":10,"column":78}},"10":{"start":{"line":11,"column":0},"end":{"line":11,"column":58}},"12":{"start":{"line":13,"column":0},"end":{"line":13,"column":82}},"13":{"start":{"line":14,"column":0},"end":{"line":14,"column":19}},"14":{"start":{"line":15,"column":0},"end":{"line":15,"column":13}},"15":{"start":{"line":16,"column":0},"end":{"line":16,"column":5}},"16":{"start":{"line":17,"column":0},"end":{"line":17,"column":39}},"17":{"start":{"line":18,"column":0},"end":{"line":18,"column":4}},"19":{"start":{"line":20,"column":0},"end":{"line":20,"column":81}},"20":{"start":{"line":21,"column":0},"end":{"line":21,"column":26}},"21":{"start":{"line":22,"column":0},"end":{"line":22,"column":9}},"22":{"start":{"line":23,"column":0},"end":{"line":23,"column":94}},"23":{"start":{"line":24,"column":0},"end":{"line":24,"column":63}},"24":{"start":{"line":25,"column":0},"end":{"line":25,"column":38}},"25":{"start":{"line":26,"column":0},"end":{"line":26,"column":21}},"26":{"start":{"line":27,"column":0},"end":{"line":27,"column":97}},"27":{"start":{"line":28,"column":0},"end":{"line":28,"column":15}},"28":{"start":{"line":29,"column":0},"end":{"line":29,"column":29}},"29":{"start":{"line":30,"column":0},"end":{"line":30,"column":5}},"30":{"start":{"line":31,"column":0},"end":{"line":31,"column":4}},"32":{"start":{"line":33,"column":0},"end":{"line":33,"column":10}},"33":{"start":{"line":34,"column":0},"end":{"line":34,"column":33}},"34":{"start":{"line":35,"column":0},"end":{"line":35,"column":39}},"35":{"start":{"line":36,"column":0},"end":{"line":36,"column":27}},"36":{"start":{"line":37,"column":0},"end":{"line":37,"column":41}},"37":{"start":{"line":38,"column":0},"end":{"line":38,"column":59}},"38":{"start":{"line":39,"column":0},"end":{"line":39,"column":14}},"39":{"start":{"line":40,"column":0},"end":{"line":40,"column":12}},"40":{"start":{"line":41,"column":0},"end":{"line":41,"column":41}},"41":{"start":{"line":42,"column":0},"end":{"line":42,"column":73}},"42":{"start":{"line":43,"column":0},"end":{"line":43,"column":12}},"43":{"start":{"line":44,"column":0},"end":{"line":44,"column":14}},"45":{"start":{"line":46,"column":0},"end":{"line":46,"column":1}}},"s":{"0":1,"7":8,"8":8,"9":8,"10":8,"12":8,"13":3,"14":1,"15":1,"16":2,"17":3,"19":8,"20":3,"21":3,"22":3,"23":1,"24":1,"25":3,"26":2,"27":3,"28":3,"29":3,"30":3,"32":8,"33":8,"34":8,"35":8,"36":8,"37":8,"38":8,"39":8,"40":8,"41":8,"42":8,"43":8,"45":8},"branchMap":{"0":{"type":"branch","line":8,"loc":{"start":{"line":8,"column":0},"end":{"line":46,"column":1}},"locations":[{"start":{"line":8,"column":0},"end":{"line":46,"column":1}}]},"1":{"type":"branch","line":13,"loc":{"start":{"line":13,"column":27},"end":{"line":18,"column":4}},"locations":[{"start":{"line":13,"column":27},"end":{"line":18,"column":4}}]},"2":{"type":"branch","line":14,"loc":{"start":{"line":14,"column":18},"end":{"line":16,"column":5}},"locations":[{"start":{"line":14,"column":18},"end":{"line":16,"column":5}}]},"3":{"type":"branch","line":16,"loc":{"start":{"line":16,"column":4},"end":{"line":17,"column":39}},"locations":[{"start":{"line":16,"column":4},"end":{"line":17,"column":39}}]},"4":{"type":"branch","line":20,"loc":{"start":{"line":20,"column":23},"end":{"line":31,"column":4}},"locations":[{"start":{"line":20,"column":23},"end":{"line":31,"column":4}}]},"5":{"type":"branch","line":23,"loc":{"start":{"line":23,"column":92},"end":{"line":26,"column":13}},"locations":[{"start":{"line":23,"column":92},"end":{"line":26,"column":13}}]},"6":{"type":"branch","line":26,"loc":{"start":{"line":26,"column":4},"end":{"line":28,"column":6}},"locations":[{"start":{"line":26,"column":4},"end":{"line":28,"column":6}}]},"7":{"type":"branch","line":27,"loc":{"start":{"line":27,"column":54},"end":{"line":27,"column":88}},"locations":[{"start":{"line":27,"column":54},"end":{"line":27,"column":88}}]}},"b":{"0":[8],"1":[3],"2":[1],"3":[2],"4":[3],"5":[1],"6":[2],"7":[0]},"fnMap":{"0":{"name":"NovaPautaPage","decl":{"start":{"line":8,"column":0},"end":{"line":46,"column":1}},"loc":{"start":{"line":8,"column":0},"end":{"line":46,"column":1}},"line":8},"1":{"name":"pushNotification","decl":{"start":{"line":13,"column":27},"end":{"line":18,"column":4}},"loc":{"start":{"line":13,"column":27},"end":{"line":18,"column":4}},"line":13},"2":{"name":"handleSubmit","decl":{"start":{"line":20,"column":23},"end":{"line":31,"column":4}},"loc":{"start":{"line":20,"column":23},"end":{"line":31,"column":4}},"line":20}},"f":{"0":8,"1":3,"2":3}}
,"C:\\projetos\\desafio-votacao-fullstack\\frontend\\src\\pages\\PautaDetailPage.tsx": {"path":"C:\\projetos\\desafio-votacao-fullstack\\frontend\\src\\pages\\PautaDetailPage.tsx","all":false,"statementMap":{"0":{"start":{"line":1,"column":0},"end":{"line":1,"column":44}},"8":{"start":{"line":9,"column":0},"end":{"line":9,"column":43}},"9":{"start":{"line":10,"column":0},"end":{"line":10,"column":29}},"10":{"start":{"line":11,"column":0},"end":{"line":11,"column":33}},"11":{"start":{"line":12,"column":0},"end":{"line":12,"column":36}},"12":{"start":{"line":13,"column":0},"end":{"line":13,"column":57}},"13":{"start":{"line":14,"column":0},"end":{"line":14,"column":48}},"14":{"start":{"line":15,"column":0},"end":{"line":15,"column":78}},"15":{"start":{"line":16,"column":0},"end":{"line":16,"column":72}},"17":{"start":{"line":18,"column":0},"end":{"line":18,"column":82}},"18":{"start":{"line":19,"column":0},"end":{"line":19,"column":19}},"19":{"start":{"line":20,"column":0},"end":{"line":20,"column":13}},"20":{"start":{"line":21,"column":0},"end":{"line":21,"column":5}},"21":{"start":{"line":22,"column":0},"end":{"line":22,"column":39}},"22":{"start":{"line":23,"column":0},"end":{"line":23,"column":4}},"24":{"start":{"line":25,"column":0},"end":{"line":25,"column":33}},"25":{"start":{"line":26,"column":0},"end":{"line":26,"column":36}},"26":{"start":{"line":27,"column":0},"end":{"line":27,"column":51}},"27":{"start":{"line":28,"column":0},"end":{"line":28,"column":41}},"28":{"start":{"line":29,"column":0},"end":{"line":29,"column":13}},"29":{"start":{"line":30,"column":0},"end":{"line":30,"column":5}},"30":{"start":{"line":31,"column":0},"end":{"line":31,"column":21}},"31":{"start":{"line":32,"column":0},"end":{"line":32,"column":26}},"32":{"start":{"line":33,"column":0},"end":{"line":33,"column":9}},"33":{"start":{"line":34,"column":0},"end":{"line":34,"column":43}},"34":{"start":{"line":35,"column":0},"end":{"line":35,"column":21}},"35":{"start":{"line":36,"column":0},"end":{"line":36,"column":21}},"36":{"start":{"line":37,"column":0},"end":{"line":37,"column":87}},"37":{"start":{"line":38,"column":0},"end":{"line":38,"column":62}},"38":{"start":{"line":39,"column":0},"end":{"line":39,"column":42}},"39":{"start":{"line":40,"column":0},"end":{"line":40,"column":7}},"40":{"start":{"line":41,"column":0},"end":{"line":41,"column":21}},"41":{"start":{"line":42,"column":0},"end":{"line":42,"column":31}},"42":{"start":{"line":43,"column":0},"end":{"line":43,"column":41}},"43":{"start":{"line":44,"column":0},"end":{"line":44,"column":15}},"44":{"start":{"line":45,"column":0},"end":{"line":45,"column":24}},"45":{"start":{"line":46,"column":0},"end":{"line":46,"column":5}},"46":{"start":{"line":47,"column":0},"end":{"line":47,"column":4}},"48":{"start":{"line":49,"column":0},"end":{"line":49,"column":19}},"49":{"start":{"line":50,"column":0},"end":{"line":50,"column":16}},"50":{"start":{"line":51,"column":0},"end":{"line":51,"column":16}},"52":{"start":{"line":53,"column":0},"end":{"line":53,"column":10}},"53":{"start":{"line":54,"column":0},"end":{"line":54,"column":33}},"54":{"start":{"line":55,"column":0},"end":{"line":55,"column":39}},"55":{"start":{"line":56,"column":0},"end":{"line":56,"column":37}},"56":{"start":{"line":57,"column":0},"end":{"line":57,"column":47}},"58":{"start":{"line":59,"column":0},"end":{"line":59,"column":17}},"59":{"start":{"line":60,"column":0},"end":{"line":60,"column":36}},"60":{"start":{"line":61,"column":0},"end":{"line":61,"column":14}},"61":{"start":{"line":62,"column":0},"end":{"line":62,"column":41}},"62":{"start":{"line":63,"column":0},"end":{"line":63,"column":59}},"63":{"start":{"line":64,"column":0},"end":{"line":64,"column":14}},"64":{"start":{"line":65,"column":0},"end":{"line":65,"column":87}},"65":{"start":{"line":66,"column":0},"end":{"line":66,"column":52}},"66":{"start":{"line":67,"column":0},"end":{"line":67,"column":17}},"67":{"start":{"line":68,"column":0},"end":{"line":68,"column":12}},"68":{"start":{"line":69,"column":0},"end":{"line":69,"column":28}},"69":{"start":{"line":70,"column":0},"end":{"line":70,"column":64}},"70":{"start":{"line":71,"column":0},"end":{"line":71,"column":19}},"71":{"start":{"line":72,"column":0},"end":{"line":72,"column":18}},"72":{"start":{"line":73,"column":0},"end":{"line":73,"column":23}},"73":{"start":{"line":74,"column":0},"end":{"line":74,"column":31}},"74":{"start":{"line":75,"column":0},"end":{"line":75,"column":37}},"75":{"start":{"line":76,"column":0},"end":{"line":76,"column":33}},"76":{"start":{"line":77,"column":0},"end":{"line":77,"column":41}},"77":{"start":{"line":78,"column":0},"end":{"line":78,"column":10}},"78":{"start":{"line":79,"column":0},"end":{"line":79,"column":26}},"79":{"start":{"line":80,"column":0},"end":{"line":80,"column":43}},"80":{"start":{"line":81,"column":0},"end":{"line":81,"column":49}},"81":{"start":{"line":82,"column":0},"end":{"line":82,"column":80}},"83":{"start":{"line":84,"column":0},"end":{"line":84,"column":19}},"84":{"start":{"line":85,"column":0},"end":{"line":85,"column":14}},"86":{"start":{"line":87,"column":0},"end":{"line":87,"column":58}},"88":{"start":{"line":89,"column":0},"end":{"line":89,"column":14}},"90":{"start":{"line":91,"column":0},"end":{"line":91,"column":1}}},"s":{"0":1,"8":22,"9":22,"10":22,"11":22,"12":22,"13":22,"14":22,"15":22,"17":22,"18":4,"19":1,"20":1,"21":3,"22":4,"24":22,"25":8,"26":1,"27":1,"28":1,"29":1,"30":7,"31":7,"32":7,"33":7,"34":5,"35":8,"36":2,"37":2,"38":1,"39":1,"40":2,"41":2,"42":2,"43":8,"44":7,"45":7,"46":8,"48":22,"49":7,"50":22,"52":22,"53":22,"54":22,"55":22,"56":22,"58":22,"59":22,"60":22,"61":22,"62":22,"63":22,"64":22,"65":22,"66":22,"67":22,"68":22,"69":6,"70":16,"71":6,"72":6,"73":6,"74":6,"75":6,"76":6,"77":6,"78":10,"79":2,"80":2,"81":2,"83":2,"84":2,"86":8,"88":22,"90":22},"branchMap":{"0":{"type":"branch","line":9,"loc":{"start":{"line":9,"column":0},"end":{"line":91,"column":1}},"locations":[{"start":{"line":9,"column":0},"end":{"line":91,"column":1}}]},"1":{"type":"branch","line":66,"loc":{"start":{"line":66,"column":11},"end":{"line":66,"column":40}},"locations":[{"start":{"line":66,"column":11},"end":{"line":66,"column":40}}]},"2":{"type":"branch","line":66,"loc":{"start":{"line":66,"column":21},"end":{"line":66,"column":52}},"locations":[{"start":{"line":66,"column":21},"end":{"line":66,"column":52}}]},"3":{"type":"branch","line":69,"loc":{"start":{"line":69,"column":7},"end":{"line":69,"column":28}},"locations":[{"start":{"line":69,"column":7},"end":{"line":69,"column":28}}]},"4":{"type":"branch","line":69,"loc":{"start":{"line":69,"column":19},"end":{"line":70,"column":64}},"locations":[{"start":{"line":69,"column":19},"end":{"line":70,"column":64}}]},"5":{"type":"branch","line":70,"loc":{"start":{"line":70,"column":60},"end":{"line":87,"column":58}},"locations":[{"start":{"line":70,"column":60},"end":{"line":87,"column":58}}]},"6":{"type":"branch","line":71,"loc":{"start":{"line":71,"column":10},"end":{"line":78,"column":10}},"locations":[{"start":{"line":71,"column":10},"end":{"line":78,"column":10}}]},"7":{"type":"branch","line":78,"loc":{"start":{"line":78,"column":8},"end":{"line":87,"column":58}},"locations":[{"start":{"line":78,"column":8},"end":{"line":87,"column":58}}]},"8":{"type":"branch","line":79,"loc":{"start":{"line":79,"column":10},"end":{"line":85,"column":14}},"locations":[{"start":{"line":79,"column":10},"end":{"line":85,"column":14}}]},"9":{"type":"branch","line":85,"loc":{"start":{"line":85,"column":8},"end":{"line":87,"column":58}},"locations":[{"start":{"line":85,"column":8},"end":{"line":87,"column":58}}]},"10":{"type":"branch","line":18,"loc":{"start":{"line":18,"column":27},"end":{"line":23,"column":4}},"locations":[{"start":{"line":18,"column":27},"end":{"line":23,"column":4}}]},"11":{"type":"branch","line":19,"loc":{"start":{"line":19,"column":18},"end":{"line":21,"column":5}},"locations":[{"start":{"line":19,"column":18},"end":{"line":21,"column":5}}]},"12":{"type":"branch","line":21,"loc":{"start":{"line":21,"column":4},"end":{"line":22,"column":39}},"locations":[{"start":{"line":21,"column":4},"end":{"line":22,"column":39}}]},"13":{"type":"branch","line":25,"loc":{"start":{"line":25,"column":20},"end":{"line":47,"column":4}},"locations":[{"start":{"line":25,"column":20},"end":{"line":47,"column":4}}]},"14":{"type":"branch","line":26,"loc":{"start":{"line":26,"column":35},"end":{"line":30,"column":5}},"locations":[{"start":{"line":26,"column":35},"end":{"line":30,"column":5}}]},"15":{"type":"branch","line":30,"loc":{"start":{"line":30,"column":4},"end":{"line":34,"column":43}},"locations":[{"start":{"line":30,"column":4},"end":{"line":34,"column":43}}]},"16":{"type":"branch","line":34,"loc":{"start":{"line":34,"column":41},"end":{"line":36,"column":13}},"locations":[{"start":{"line":34,"column":41},"end":{"line":36,"column":13}}]},"17":{"type":"branch","line":36,"loc":{"start":{"line":36,"column":4},"end":{"line":44,"column":6}},"locations":[{"start":{"line":36,"column":4},"end":{"line":44,"column":6}}]},"18":{"type":"branch","line":37,"loc":{"start":{"line":37,"column":51},"end":{"line":37,"column":87}},"locations":[{"start":{"line":37,"column":51},"end":{"line":37,"column":87}}]},"19":{"type":"branch","line":38,"loc":{"start":{"line":38,"column":27},"end":{"line":38,"column":61}},"locations":[{"start":{"line":38,"column":27},"end":{"line":38,"column":61}}]},"20":{"type":"branch","line":38,"loc":{"start":{"line":38,"column":61},"end":{"line":40,"column":7}},"locations":[{"start":{"line":38,"column":61},"end":{"line":40,"column":7}}]},"21":{"type":"branch","line":44,"loc":{"start":{"line":44,"column":4},"end":{"line":46,"column":5}},"locations":[{"start":{"line":44,"column":4},"end":{"line":46,"column":5}}]},"22":{"type":"branch","line":49,"loc":{"start":{"line":49,"column":12},"end":{"line":51,"column":5}},"locations":[{"start":{"line":49,"column":12},"end":{"line":51,"column":5}}]},"23":{"type":"branch","line":77,"loc":{"start":{"line":77,"column":21},"end":{"line":77,"column":41}},"locations":[{"start":{"line":77,"column":21},"end":{"line":77,"column":41}}]}},"b":{"0":[22],"1":[7],"2":[15],"3":[7],"4":[6],"5":[16],"6":[6],"7":[10],"8":[2],"9":[8],"10":[4],"11":[1],"12":[3],"13":[8],"14":[1],"15":[7],"16":[5],"17":[2],"18":[0],"19":[1],"20":[1],"21":[7],"22":[7],"23":[1]},"fnMap":{"0":{"name":"PautaDetailPage","decl":{"start":{"line":9,"column":0},"end":{"line":91,"column":1}},"loc":{"start":{"line":9,"column":0},"end":{"line":91,"column":1}},"line":9},"1":{"name":"pushNotification","decl":{"start":{"line":18,"column":27},"end":{"line":23,"column":4}},"loc":{"start":{"line":18,"column":27},"end":{"line":23,"column":4}},"line":18},"2":{"name":"loadPauta","decl":{"start":{"line":25,"column":20},"end":{"line":47,"column":4}},"loc":{"start":{"line":25,"column":20},"end":{"line":47,"column":4}},"line":25},"3":{"name":"onDeleted","decl":{"start":{"line":77,"column":21},"end":{"line":77,"column":41}},"loc":{"start":{"line":77,"column":21},"end":{"line":77,"column":41}},"line":77},"4":{"name":"onClick","decl":{"start":{"line":82,"column":59},"end":{"line":82,"column":80}},"loc":{"start":{"line":82,"column":59},"end":{"line":82,"column":80}},"line":82}},"f":{"0":22,"1":4,"2":8,"3":1,"4":0}}
,"C:\\projetos\\desafio-votacao-fullstack\\frontend\\src\\routes\\AppRouter.tsx": {"path":"C:\\projetos\\desafio-votacao-fullstack\\frontend\\src\\routes\\AppRouter.tsx","all":false,"statementMap":{"0":{"start":{"line":1,"column":0},"end":{"line":1,"column":64}},"7":{"start":{"line":8,"column":0},"end":{"line":8,"column":37}},"8":{"start":{"line":9,"column":0},"end":{"line":9,"column":10}},"9":{"start":{"line":10,"column":0},"end":{"line":10,"column":19}},"10":{"start":{"line":11,"column":0},"end":{"line":11,"column":14}},"11":{"start":{"line":12,"column":0},"end":{"line":12,"column":39}},"12":{"start":{"line":13,"column":0},"end":{"line":13,"column":53}},"13":{"start":{"line":14,"column":0},"end":{"line":14,"column":66}},"14":{"start":{"line":15,"column":0},"end":{"line":15,"column":67}},"15":{"start":{"line":16,"column":0},"end":{"line":16,"column":55}},"16":{"start":{"line":17,"column":0},"end":{"line":17,"column":16}},"17":{"start":{"line":18,"column":0},"end":{"line":18,"column":15}},"18":{"start":{"line":19,"column":0},"end":{"line":19,"column":20}},"20":{"start":{"line":21,"column":0},"end":{"line":21,"column":1}}},"s":{"0":1,"7":1,"8":1,"9":1,"10":1,"11":1,"12":1,"13":1,"14":1,"15":1,"16":1,"17":1,"18":1,"20":1},"branchMap":{"0":{"type":"branch","line":8,"loc":{"start":{"line":8,"column":0},"end":{"line":21,"column":1}},"locations":[{"start":{"line":8,"column":0},"end":{"line":21,"column":1}}]}},"b":{"0":[1]},"fnMap":{"0":{"name":"AppRouter","decl":{"start":{"line":8,"column":0},"end":{"line":21,"column":1}},"loc":{"start":{"line":8,"column":0},"end":{"line":21,"column":1}},"line":8}},"f":{"0":1}}
}
